<?xml version="1.0" encoding="UTF-8"?>
<!-- Generated by org.testng.reporters.JUnitReportReporter -->
<testsuite hostname="DESKTOP-A8HT28E" failures="0" tests="2" name="MakeMyTrip.MakeMyTripCode" time="96.503" errors="0" timestamp="2023-07-11T10:58:26 IST" skipped="0">
  <testcase classname="MakeMyTrip.MakeMyTripCode" name="MakeMyTripLogo" time="43.557"/>
  <system-out/>
  <testcase classname="MakeMyTrip.MakeMyTripCode" name="selectFromAndTo" time="52.946"/>
  <system-out/>
</testsuite> <!-- MakeMyTrip.MakeMyTripCode -->
