<?xml version="1.0" encoding="UTF-8"?>
<!-- Generated by org.testng.reporters.JUnitReportReporter -->
<testsuite hostname="DESKTOP-A8HT28E" failures="0" tests="2" name="MakeMyTrip.MakeMyTripCode" time="60.136" errors="0" timestamp="2023-07-10T09:41:25 IST" skipped="0">
  <testcase classname="MakeMyTrip.MakeMyTripCode" name="MakeMyTripLogo" time="19.110"/>
  <system-out/>
  <testcase classname="MakeMyTrip.MakeMyTripCode" name="selectFromAndTo" time="41.026"/>
  <system-out/>
</testsuite> <!-- MakeMyTrip.MakeMyTripCode -->
