<?xml version="1.0" encoding="UTF-8"?>
<!-- Generated by org.testng.reporters.JUnitReportReporter -->
<testsuite hostname="DESKTOP-A8HT28E" failures="0" tests="1" name="com.SDET.eBayAdvancedSearchSanity" time="20.723" errors="0" timestamp="2023-03-11T18:19:54 IST" skipped="0">
  <testcase classname="com.SDET.eBayAdvancedSearchSanity" name="advancedSearch" time="20.723"/>
  <system-out/>
</testsuite> <!-- com.SDET.eBayAdvancedSearchSanity -->
