<?xml version="1.0" encoding="UTF-8"?>
<!-- Generated by org.testng.reporters.JUnitReportReporter -->
<testsuite hostname="DESKTOP-A8HT28E" failures="0" tests="1" name="PracticeAutomation.PracticeAutomationHomepage" time="15.519" errors="0" timestamp="2023-05-20T17:19:05 IST" skipped="0">
  <testcase classname="PracticeAutomation.PracticeAutomationHomepage" name="HomePage" time="15.519"/>
  <system-out/>
</testsuite> <!-- PracticeAutomation.PracticeAutomationHomepage -->
