<?xml version="1.0" encoding="UTF-8"?>
<!-- Generated by org.testng.reporters.JUnitReportReporter -->
<testsuite hostname="DESKTOP-A8HT28E" failures="0" tests="2" name="PracticeAutomation.Shop" time="69.839" errors="0" timestamp="2023-05-24T10:02:33 IST" skipped="1">
  <testcase classname="PracticeAutomation.Shop" name="itemsPage" time="69.839"/>
  <system-out/>
  <testcase classname="PracticeAutomation.Shop" name="openShop">
    <skipped/>
  </testcase> <!-- openShop -->
  <system-out/>
</testsuite> <!-- PracticeAutomation.Shop -->
