<?xml version="1.0" encoding="UTF-8"?>
<!-- Generated by org.testng.reporters.JUnitReportReporter -->
<testsuite hostname="DESKTOP-A8HT28E" failures="0" tests="3" name="SauceLab.login" time="55.029" errors="0" timestamp="2023-06-07T07:45:59 IST" skipped="0">
  <testcase classname="SauceLab.login" name="listOfOptions" time="25.172"/>
  <system-out/>
  <testcase classname="SauceLab.login" name="logIn" time="17.680"/>
  <system-out/>
  <testcase classname="SauceLab.login" name="logoText" time="12.177"/>
  <system-out/>
</testsuite> <!-- SauceLab.login -->
