<?xml version="1.0" encoding="UTF-8"?>
<!-- Generated by org.testng.reporters.JUnitReportReporter -->
<testsuite hostname="DESKTOP-A8HT28E" failures="0" tests="2" name="SauceLab.cartPage" time="26.652" errors="0" timestamp="2023-06-07T07:44:30 IST" skipped="0">
  <testcase classname="SauceLab.cartPage" name="cartPge" time="13.649"/>
  <system-out/>
  <testcase classname="SauceLab.cartPage" name="verifyCartPage" time="13.003"/>
  <system-out/>
</testsuite> <!-- SauceLab.cartPage -->
