<?xml version="1.0" encoding="UTF-8"?>
<!-- Generated by org.testng.reporters.JUnitReportReporter -->
<testsuite hostname="DESKTOP-A8HT28E" failures="0" tests="1" name="PracticeAutomation.MyAccountPage" time="18.650" errors="0" timestamp="2023-05-20T17:19:05 IST" skipped="0">
  <testcase classname="PracticeAutomation.MyAccountPage" name="registerValidation" time="18.650"/>
  <system-out/>
</testsuite> <!-- PracticeAutomation.MyAccountPage -->
