<?xml version="1.0" encoding="UTF-8"?>
<!-- Generated by org.testng.reporters.JUnitReportReporter -->
<testsuite hostname="DESKTOP-A8HT28E" failures="0" tests="2" name="MakeMyTrip.MakeMyTripCode" time="71.172" errors="0" timestamp="2023-07-10T09:48:31 IST" skipped="0">
  <testcase classname="MakeMyTrip.MakeMyTripCode" name="MakeMyTripLogo" time="36.227"/>
  <system-out/>
  <testcase classname="MakeMyTrip.MakeMyTripCode" name="selectFromAndTo" time="34.945"/>
  <system-out/>
</testsuite> <!-- MakeMyTrip.MakeMyTripCode -->
